MIF/HEX Update report for DE2_8052
Fri Oct 18 13:24:01 2013
Quartus II 64-Bit Version 13.0.0 Build 156 04/24/2013 SJ Web Edition


---------------------
; Table of Contents ;
---------------------
  1. Legal Notice
  2. MIF/HEX Update Summary
  3. MIF/HEX Update Processed Files
  4. MIF/HEX Update Messages



----------------
; Legal Notice ;
----------------
Copyright (C) 1991-2013 Altera Corporation
Your use of Altera Corporation's design tools, logic functions 
and other software and tools, and its AMPP partner logic 
functions, and any output files from any of the foregoing 
(including device programming or simulation files), and any 
associated documentation or information are expressly subject 
to the terms and conditions of the Altera Program License 
Subscription Agreement, Altera MegaCore Function License 
Agreement, or other applicable license agreement, including, 
without limitation, that your use is for the sole purpose of 
programming logic devices manufactured by Altera and sold by 
Altera or its authorized distributors.  Please refer to the 
applicable agreement for further details.



+---------------------------------------------------------------+
; MIF/HEX Update Summary                                        ;
+-----------------------+---------------------------------------+
; MIF/HEX Update Status ; Successful - Fri Oct 18 13:24:01 2013 ;
; Revision Name         ; DE2_8052                              ;
; Top-level Entity Name ; DE2_8052                              ;
; Family                ; Cyclone II                            ;
; Device                ; EP2C35F672C6                          ;
+-----------------------+---------------------------------------+


+---------------------------------------------------------------+
; MIF/HEX Update Processed Files                                ;
+---------------------------------------------------------------+
; File Name                                                     ;
+---------------------------------------------------------------+
; C:/Source/DE2_8052b/DE2_Boot.mif                              ;
; C:/Source/DE2_8052b/DE2_Zeros.mif                             ;
; C:/Source/DE2_8052b/db/DE2_8052.ram0_T51_RAM_847c76c8.hdl.mif ;
+---------------------------------------------------------------+


+-------------------------+
; MIF/HEX Update Messages ;
+-------------------------+
Info: *******************************************************************
Info: Running Quartus II 64-Bit MIF/HEX Update
    Info: Version 13.0.0 Build 156 04/24/2013 SJ Web Edition
    Info: Processing started: Fri Oct 18 13:23:59 2013
Info: Command: quartus_cdb DE2_8052 -c DE2_8052 --update_mif
Info (39024): Processed the following Memory Initialization File(s)
    Info (39025): Processed Memory Initialization File C:/Source/DE2_8052b/DE2_Boot.mif
    Info (39025): Processed Memory Initialization File C:/Source/DE2_8052b/DE2_Zeros.mif
    Info (39025): Processed Memory Initialization File C:/Source/DE2_8052b/db/DE2_8052.ram0_T51_RAM_847c76c8.hdl.mif
Info: Quartus II 64-Bit MIF/HEX Update was successful. 0 errors, 0 warnings
    Info: Peak virtual memory: 465 megabytes
    Info: Processing ended: Fri Oct 18 13:24:01 2013
    Info: Elapsed time: 00:00:02
    Info: Total CPU time (on all processors): 00:00:03


